<?xml version="1.0" encoding="UTF-8"?>
<!-- Generated by org.testng.reporters.JUnitXMLReporter -->
<testsuite hostname="LPTIN453" name="StudentInfromation" tests="15" failures="4" timestamp="13 May 2020 19:41:06 GMT" time="11.161" errors="0">
  <testcase name="CreateVisaType" time="2.372" classname="com.student.TestCases.TC001_VisaTypeCRUDTestCase"/>
  <testcase name="CodeValidationinewNewMode" time="0.618" classname="com.student.TestCases.TC001_VisaTypeCRUDTestCase"/>
  <testcase name="GetforEditVisaType" time="0.608" classname="com.student.TestCases.TC001_VisaTypeCRUDTestCase"/>
  <testcase name="EditVisaType" time="0.783" classname="com.student.TestCases.TC001_VisaTypeCRUDTestCase"/>
  <testcase name="GetforDeleteVisaType" time="0.636" classname="com.student.TestCases.TC001_VisaTypeCRUDTestCase"/>
  <testcase name="DeleteVisaType" time="0.714" classname="com.student.TestCases.TC001_VisaTypeCRUDTestCase"/>
  <testcase name="CreateRecordBudgets" time="0.837" classname="com.student.TestCases.TC002_BudgetsCRUDTestCase"/>
  <testcase name="GetEditBudgets" time="0.675" classname="com.student.TestCases.TC002_BudgetsCRUDTestCase"/>
  <testcase name="EditRecordBudgets" time="0.759" classname="com.student.TestCases.TC002_BudgetsCRUDTestCase"/>
  <testcase name="GetDeleteBudgets" time="0.679" classname="com.student.TestCases.TC002_BudgetsCRUDTestCase"/>
  <testcase name="DeleteRecordBudgets" time="0.659" classname="com.student.TestCases.TC002_BudgetsCRUDTestCase"/>
  <testcase name="CreatefaSAPStatus" time="0.679" classname="com.student.TestCases.TC003_SAPStatusCRUDTestCases">
    <failure type="junit.framework.AssertionFailedError" message="expected:&amp;lt;400&amp;gt; but was:&amp;lt;200&amp;gt;">
      <![CDATA[junit.framework.AssertionFailedError: expected:<400> but was:<200>
	at junit.framework.Assert.fail(Assert.java:50)
	at junit.framework.Assert.failNotEquals(Assert.java:287)
	at junit.framework.Assert.assertEquals(Assert.java:67)
	at junit.framework.Assert.assertEquals(Assert.java:199)
	at junit.framework.Assert.assertEquals(Assert.java:205)
	at com.student.TestCases.TC003_SAPStatusCRUDTestCases.CreatefaSAPStatus(TC003_SAPStatusCRUDTestCases.java:83)
... Removed 24 stack frames]]>
    </failure>
  </testcase> <!-- CreatefaSAPStatus -->
  <testcase name="CreateCodeAlreadyExistsValidationfaSAPStatus" time="0.583" classname="com.student.TestCases.TC003_SAPStatusCRUDTestCases">
    <failure type="junit.framework.ComparisonFailure" message="expected:&amp;lt;[[A database error has occurred.  The process could not complete].]&amp;gt; but was:&amp;lt;[[The SAP Status was not saved because the code is specified for an existing SAP Status].]&amp;gt;">
      <![CDATA[junit.framework.ComparisonFailure: expected:<[[A database error has occurred.  The process could not complete].]> but was:<[[The SAP Status was not saved because the code is specified for an existing SAP Status].]>
	at junit.framework.Assert.assertEquals(Assert.java:85)
	at junit.framework.Assert.assertEquals(Assert.java:91)
	at com.student.TestCases.TC003_SAPStatusCRUDTestCases.CreateCodeAlreadyExistsValidationfaSAPStatus(TC003_SAPStatusCRUDTestCases.java:130)
... Removed 24 stack frames]]>
    </failure>
  </testcase> <!-- CreateCodeAlreadyExistsValidationfaSAPStatus -->
  <testcase name="GetEditModefaSAPStatus" time="0.005" classname="com.student.TestCases.TC003_SAPStatusCRUDTestCases">
    <failure type="java.lang.NullPointerException">
      <![CDATA[java.lang.NullPointerException
	at sun.misc.FloatingDecimal.readJavaFormatString(FloatingDecimal.java:1838)
	at sun.misc.FloatingDecimal.parseDouble(FloatingDecimal.java:110)
	at java.lang.Double.parseDouble(Double.java:538)
	at com.student.TestCases.TC003_SAPStatusCRUDTestCases.GetEditModefaSAPStatus(TC003_SAPStatusCRUDTestCases.java:139)
... Removed 24 stack frames]]>
    </failure>
  </testcase> <!-- GetEditModefaSAPStatus -->
  <testcase name="EditfaSAPStatus" time="0.004" classname="com.student.TestCases.TC003_SAPStatusCRUDTestCases">
    <failure type="java.lang.NullPointerException">
      <![CDATA[java.lang.NullPointerException
	at sun.misc.FloatingDecimal.readJavaFormatString(FloatingDecimal.java:1838)
	at sun.misc.FloatingDecimal.parseDouble(FloatingDecimal.java:110)
	at java.lang.Double.parseDouble(Double.java:538)
	at com.student.TestCases.TC003_SAPStatusCRUDTestCases.EditfaSAPStatus(TC003_SAPStatusCRUDTestCases.java:174)
... Removed 24 stack frames]]>
    </failure>
  </testcase> <!-- EditfaSAPStatus -->
</testsuite> <!-- StudentInfromation -->
